Logger started at: Saturday, December 27, 2014 11:41:11 AM EST
Component: com.appcelerator.titanium.ios.core
Version: 1.0.0.1411756658
[41:11.21] Sent: >21*1419698471022*version<
[41:11.22] Recv: >1419698471022*2*3.4.1<
[41:11.24] Sent: >45*1419698471023*option*stepFiltersEnabled*false<
[41:11.24] Recv: >1419698471023<
[41:11.24] Sent: >36*1419698471024*option*monitorXHR*true<
[41:11.24] Recv: >1419698471024<
[41:11.25] Sent: >45*1419698471025*option*suspendOnFirstLine*false<
[41:11.25] Recv: >1419698471025<
[41:11.25] Sent: >46*1419698471026*option*suspendOnExceptions*false<
[41:11.25] Recv: >1419698471026<
[41:11.26] Sent: >41*1419698471027*option*suspendOnErrors*true<
[41:11.26] Recv: >1419698471027<
[41:11.26] Sent: >43*1419698471028*option*suspendOnKeywords*true<
[41:11.26] Recv: >1419698471028<
[41:11.26] Sent: >45*1419698471029*option*bypassConstructors*false<
[41:11.27] Recv: >1419698471029<
[41:11.27] Sent: >45*1419698471030*option*stepFiltersEnabled*false<
[41:11.27] Recv: >1419698471030<
[41:11.27] Sent: >30*1419698471031*detailFormatters<
[41:11.28] Recv: >1419698471031<
[41:11.28] Sent: >20*1419698471032*enable<
[41:11.28] Recv: >1419698471032<
[41:11.31] Recv: >threads*created*0*kroll$1<
[41:11.38] Recv: >log*out*[DEBUG] Loading: /Users/adambalchunas/Library/Developer/CoreSimulator/Devices/F07C9B04-BF72-4704-A678-B9558AC82437/data/Containers/Bundle/Application/64635617-95E7-4893-9964-F60E734AD3C2/flemming-test.app/app.js, Resource: app_js<
[41:11.38] Recv: >scripts*created*298207936|app:/app.js||1|10<
[41:11.38] Recv: >resumed*0*started<
[41:11.38] Recv: >log*out*[DEBUG] Loading: /Users/adambalchunas/Library/Developer/CoreSimulator/Devices/F07C9B04-BF72-4704-A678-B9558AC82437/data/Containers/Bundle/Application/64635617-95E7-4893-9964-F60E734AD3C2/flemming-test.app/view/textgrid.js, Resource: view/textgrid_js<
[41:11.41] Recv: >scripts*created*298207840|app:/view/textgrid.js||1|25<
[41:11.41] Recv: >log*out*[DEBUG] Loading: /Users/adambalchunas/Library/Developer/CoreSimulator/Devices/F07C9B04-BF72-4704-A678-B9558AC82437/data/Containers/Bundle/Application/64635617-95E7-4893-9964-F60E734AD3C2/flemming-test.app/view/textgridtest.js, Resource: view/textgridtest_js<
[41:11.42] Recv: >scripts*created*298207584|app:/view/textgridtest.js||1|57<
[41:11.114] Recv: >log*out*[DEBUG] Loading: /Users/adambalchunas/Library/Developer/CoreSimulator/Devices/F07C9B04-BF72-4704-A678-B9558AC82437/data/Containers/Bundle/Application/64635617-95E7-4893-9964-F60E734AD3C2/flemming-test.app/_app_props_.json, Resource: _app_props__json<
[41:11.115] Recv: >log*out*[DEBUG] Application booted in 171.619952 ms<
[41:11.124] Recv: >log*out*[INFO] post layout<
[41:11.128] Recv: >log*out*[INFO] post layout<
[41:11.165] Recv: >log*out*[INFO] post layout<
[41:11.173] Recv: >log*out*[INFO] post layout<
[41:11.173] Recv: >log*out*[INFO] post layout<
----------End of file----------
